<?xml version="1.0" encoding="utf-8"?><testsuites name="pytest tests"><testsuite name="pytest" errors="0" failures="0" skipped="0" tests="11" time="1.815" timestamp="2026-09-19T15:53:46.028999+00:00" hostname="agent-env-31ea4e43-d26c-4310-b0d0-ccc347608598"><testcase classname="tests.test_auth_flow" name="test_health" time="0.142" /><testcase classname="tests.test_auth_flow" name="test_register" time="0.288" /><testcase classname="tests.test_auth_flow" name="test_register_duplicate_rejected" time="0.075" /><testcase classname="tests.test_auth_flow" name="test_login_existing_premium" time="0.287" /><testcase classname="tests.test_auth_flow" name="test_login_bad_password" time="0.284" /><testcase classname="tests.test_auth_flow" name="test_me_with_token" time="0.061" /><testcase classname="tests.test_auth_flow" name="test_me_without_token" time="0.063" /><testcase classname="tests.test_auth_flow" name="test_premium_gated_endpoint_blocks_non_premium" time="0.065" /><testcase classname="tests.test_auth_flow" name="test_activate_month_subscription" time="0.065" /><testcase classname="tests.test_auth_flow" name="test_me_reflects_premium_after_activate" time="0.085" /><testcase classname="tests.test_auth_flow" name="test_premium_endpoint_now_accessible" time="0.065" /></testsuite></testsuites>