<?xml version="1.0" encoding="utf-8"?><testsuites name="pytest tests"><testsuite name="pytest" errors="0" failures="0" skipped="0" tests="5" time="14.244" timestamp="2026-09-19T16:20:08.033209+00:00" hostname="agent-env-31ea4e43-d26c-4310-b0d0-ccc347608598"><testcase classname="tests.test_hotspot_photos_canonical" name="test_sylhet_hotspots_listed" time="0.507" /><testcase classname="tests.test_hotspot_photos_canonical" name="test_photos_canonical_unique_and_load[Hazrat Shah Jalal Dargah]" time="5.798" /><testcase classname="tests.test_hotspot_photos_canonical" name="test_photos_canonical_unique_and_load[Sylhet City]" time="3.585" /><testcase classname="tests.test_hotspot_photos_canonical" name="test_photos_canonical_unique_and_load[Ratargul Swamp Forest]" time="4.193" /><testcase classname="tests.test_hotspot_photos_canonical" name="test_specifically_shah_jalal_has_5_unique" time="0.139" /></testsuite></testsuites>