<?xml version="1.0" encoding="utf-8"?><testsuites name="pytest tests"><testsuite name="pytest" errors="0" failures="0" skipped="0" tests="5" time="11.938" timestamp="2026-09-20T06:43:25.375419+00:00" hostname="agent-env-31ea4e43-d26c-4310-b0d0-ccc347608598"><testcase classname="tests.test_offline_and_language.TestUserLanguage" name="test_patch_language_persists" time="0.984" /><testcase classname="tests.test_offline_and_language.TestOfflinePack" name="test_pack_paris_seeded" time="0.879" /><testcase classname="tests.test_offline_and_language.TestOfflinePack" name="test_pack_requires_premium" time="0.496" /><testcase classname="tests.test_offline_and_language.TestUserLanguage" name="test_patch_language_rejects_empty" time="0.254" /><testcase classname="tests.test_offline_and_language.TestOfflinePack" name="test_pack_ai_fallback_bengali_for_sylhet" time="10.261" /></testsuite></testsuites>